2026-03-15 21:19:38,853 [INFO] root: Logging to: logs/orchestrator_20260315_211938.log
2026-03-15 21:19:38,900 [INFO] alembic.runtime.plugins: setup plugin alembic.autogenerate.schemas
2026-03-15 21:19:38,900 [INFO] alembic.runtime.plugins: setup plugin alembic.autogenerate.tables
2026-03-15 21:19:38,900 [INFO] alembic.runtime.plugins: setup plugin alembic.autogenerate.types
2026-03-15 21:19:38,900 [INFO] alembic.runtime.plugins: setup plugin alembic.autogenerate.constraints
2026-03-15 21:19:38,900 [INFO] alembic.runtime.plugins: setup plugin alembic.autogenerate.defaults
2026-03-15 21:19:38,900 [INFO] alembic.runtime.plugins: setup plugin alembic.autogenerate.comments
2026-03-15 21:19:38,958 [INFO] httpx: HTTP Request: GET http://localhost:11434/api/tags "HTTP/1.1 200 OK"
2026-03-15 21:19:39,013 [ERROR] agents.daddy_agent: DaddyAgent: 1 CRITICAL check(s) unresolved: ['directories']. Startup blocked.
2026-03-15 21:19:39,084 [INFO] agents.orchestrator: Initialized OrchestratorAgent for EURUSD: global champion PF=1.24 (v0.3.0)
2026-03-15 21:19:39,084 [INFO] agents.orchestrator: Framework rotation enabled: TrendFollowing → MeanReversion → Breakout → GridTrading → SniperEntry → CandlePattern → IchimokuCloud
2026-03-15 21:19:39,084 [INFO] agents.orchestrator: === Aureus Improvement Loop ===
  Starting version: 0.3.0
  Max iterations: 1
  Symbol: EURUSD H1
  Period: 2025-01-01 → 2026-03-12
  Mode: DRY RUN
2026-03-15 21:19:39,084 [INFO] agents.orchestrator: 
--- Iteration 1 / 1 ---
2026-03-15 21:19:39,121 [INFO] core.experience_db: [Experience] EURUSD: no data yet → random Breakout
2026-03-15 21:19:39,121 [INFO] agents.orchestrator: [1/5] Generating v0.3.0 | EURUSD H1 H1 R1.0 Cap1000 | Breakout framework (regime: unknown)
2026-03-15 21:19:39,121 [INFO] agents.code_generator: Using framework template: Breakout
2026-03-15 21:19:39,125 [INFO] agents.code_generator: Wrote generated EA: /Users/doctorboyz/EA/agents/../strategies/generated/AureusV0_3_0_EUR_H1_R1_Cap1000_BO.mq5
2026-03-15 21:19:39,126 [INFO] agents.code_generator: Generated valid EA v0.3.0 → /Users/doctorboyz/EA/agents/../strategies/generated/AureusV0_3_0_EUR_H1_R1_Cap1000_BO.mq5 (hash: 195759d1...)
2026-03-15 21:19:39,126 [INFO] agents.orchestrator:   Generated: /Users/doctorboyz/EA/agents/../strategies/generated/AureusV0_3_0_EUR_H1_R1_Cap1000_BO.mq5
2026-03-15 21:19:39,126 [INFO] agents.orchestrator: [2/5] Running backtest...
2026-03-15 21:19:39,126 [INFO] agents.backtest_runner: DRY RUN: using fixture /Users/doctorboyz/EA/tests/fixtures/V3-sample-report.html
2026-03-15 21:19:39,126 [INFO] agents.orchestrator:   Report: /Users/doctorboyz/EA/tests/fixtures/V3-sample-report.html (0.0s)
2026-03-15 21:19:39,126 [INFO] agents.orchestrator: [3/5] Parsing report...
2026-03-15 21:19:39,173 [INFO] agents.orchestrator:   Metrics: ✗PF=1.24(tgt>1.5)  ✓DD=9.33(tgt<15.0)  ✗RF=0.77(tgt>3.0)  ✗W/L=1.63(tgt>2.0) | Trades=74
2026-03-15 21:19:39,214 [ERROR] agents.orchestrator: Iteration 1 failed: (sqlalchemy.dialects.postgresql.asyncpg.ProgrammingError) <class 'asyncpg.exceptions.UndefinedColumnError'>: column strategies.framework_type does not exist
[SQL: SELECT strategies.id, strategies.version_str, strategies.config, strategies.code_hash, strategies.code_path, strategies.framework_type, strategies.parent_id, strategies.change_rationale, strategies.created_at 
FROM strategies 
WHERE strategies.version_str = $1::VARCHAR]
[parameters: ('0.3.0',)]
(Background on this error at: https://sqlalche.me/e/20/f405)
Traceback (most recent call last):
  File "/Users/doctorboyz/EA/venv/lib/python3.14/site-packages/sqlalchemy/dialects/postgresql/asyncpg.py", line 526, in _prepare_and_execute
    prepared_stmt, attributes = await adapt_connection._prepare(
                                ^^^^^^^^^^^^^^^^^^^^^^^^^^^^^^^^
        operation, self._invalidate_schema_cache_asof
        ^^^^^^^^^^^^^^^^^^^^^^^^^^^^^^^^^^^^^^^^^^^^^
    )
    ^
  File "/Users/doctorboyz/EA/venv/lib/python3.14/site-packages/sqlalchemy/dialects/postgresql/asyncpg.py", line 773, in _prepare
    prepared_stmt = await self._connection.prepare(
                    ^^^^^^^^^^^^^^^^^^^^^^^^^^^^^^^
        operation, name=self._prepared_statement_name_func()
        ^^^^^^^^^^^^^^^^^^^^^^^^^^^^^^^^^^^^^^^^^^^^^^^^^^^^
    )
    ^
  File "/Users/doctorboyz/EA/venv/lib/python3.14/site-packages/asyncpg/connection.py", line 638, in prepare
    return await self._prepare(
           ^^^^^^^^^^^^^^^^^^^^
    ...<4 lines>...
    )
    ^
  File "/Users/doctorboyz/EA/venv/lib/python3.14/site-packages/asyncpg/connection.py", line 657, in _prepare
    stmt = await self._get_statement(
           ^^^^^^^^^^^^^^^^^^^^^^^^^^
    ...<5 lines>...
    )
    ^
  File "/Users/doctorboyz/EA/venv/lib/python3.14/site-packages/asyncpg/connection.py", line 443, in _get_statement
    statement = await self._protocol.prepare(
                ^^^^^^^^^^^^^^^^^^^^^^^^^^^^^
    ...<5 lines>...
    )
    ^
  File "asyncpg/protocol/protocol.pyx", line 165, in prepare
asyncpg.exceptions.UndefinedColumnError: column strategies.framework_type does not exist

The above exception was the direct cause of the following exception:

Traceback (most recent call last):
  File "/Users/doctorboyz/EA/venv/lib/python3.14/site-packages/sqlalchemy/engine/base.py", line 1967, in _exec_single_context
    self.dialect.do_execute(
    ~~~~~~~~~~~~~~~~~~~~~~~^
        cursor, str_statement, effective_parameters, context
        ^^^^^^^^^^^^^^^^^^^^^^^^^^^^^^^^^^^^^^^^^^^^^^^^^^^^
    )
    ^
  File "/Users/doctorboyz/EA/venv/lib/python3.14/site-packages/sqlalchemy/engine/default.py", line 952, in do_execute
    cursor.execute(statement, parameters)
    ~~~~~~~~~~~~~~^^^^^^^^^^^^^^^^^^^^^^^
  File "/Users/doctorboyz/EA/venv/lib/python3.14/site-packages/sqlalchemy/dialects/postgresql/asyncpg.py", line 585, in execute
    self._adapt_connection.await_(
    ~~~~~~~~~~~~~~~~~~~~~~~~~~~~~^
        self._prepare_and_execute(operation, parameters)
        ^^^^^^^^^^^^^^^^^^^^^^^^^^^^^^^^^^^^^^^^^^^^^^^^
    )
    ^
  File "/Users/doctorboyz/EA/venv/lib/python3.14/site-packages/sqlalchemy/util/_concurrency_py3k.py", line 132, in await_only
    return current.parent.switch(awaitable)  # type: ignore[no-any-return,attr-defined] # noqa: E501
           ~~~~~~~~~~~~~~~~~~~~~^^^^^^^^^^^
  File "/Users/doctorboyz/EA/venv/lib/python3.14/site-packages/sqlalchemy/util/_concurrency_py3k.py", line 196, in greenlet_spawn
    value = await result
            ^^^^^^^^^^^^
  File "/Users/doctorboyz/EA/venv/lib/python3.14/site-packages/sqlalchemy/dialects/postgresql/asyncpg.py", line 563, in _prepare_and_execute
    self._handle_exception(error)
    ~~~~~~~~~~~~~~~~~~~~~~^^^^^^^
  File "/Users/doctorboyz/EA/venv/lib/python3.14/site-packages/sqlalchemy/dialects/postgresql/asyncpg.py", line 513, in _handle_exception
    self._adapt_connection._handle_exception(error)
    ~~~~~~~~~~~~~~~~~~~~~~~~~~~~~~~~~~~~~~~~^^^^^^^
  File "/Users/doctorboyz/EA/venv/lib/python3.14/site-packages/sqlalchemy/dialects/postgresql/asyncpg.py", line 797, in _handle_exception
    raise translated_error from error
sqlalchemy.dialects.postgresql.asyncpg.AsyncAdapt_asyncpg_dbapi.ProgrammingError: <class 'asyncpg.exceptions.UndefinedColumnError'>: column strategies.framework_type does not exist

The above exception was the direct cause of the following exception:

Traceback (most recent call last):
  File "/Users/doctorboyz/EA/agents/orchestrator.py", line 215, in run
    result = await self._run_one_iteration(
             ^^^^^^^^^^^^^^^^^^^^^^^^^^^^^^
        current_config, iteration, history
        ^^^^^^^^^^^^^^^^^^^^^^^^^^^^^^^^^^
    )
    ^
  File "/Users/doctorboyz/EA/agents/orchestrator.py", line 368, in _run_one_iteration
    db_strategy = await self._upsert_strategy(session, config, generated.code_hash, generated.file_path, framework)
                  ^^^^^^^^^^^^^^^^^^^^^^^^^^^^^^^^^^^^^^^^^^^^^^^^^^^^^^^^^^^^^^^^^^^^^^^^^^^^^^^^^^^^^^^^^^^^^^^^^
  File "/Users/doctorboyz/EA/agents/orchestrator.py", line 656, in _upsert_strategy
    result = await session.execute(
             ^^^^^^^^^^^^^^^^^^^^^^
        select(Strategy).where(Strategy.version_str == version_str)
        ^^^^^^^^^^^^^^^^^^^^^^^^^^^^^^^^^^^^^^^^^^^^^^^^^^^^^^^^^^^
    )
    ^
  File "/Users/doctorboyz/EA/venv/lib/python3.14/site-packages/sqlalchemy/ext/asyncio/session.py", line 449, in execute
    result = await greenlet_spawn(
             ^^^^^^^^^^^^^^^^^^^^^
    ...<6 lines>...
    )
    ^
  File "/Users/doctorboyz/EA/venv/lib/python3.14/site-packages/sqlalchemy/util/_concurrency_py3k.py", line 201, in greenlet_spawn
    result = context.throw(*sys.exc_info())
  File "/Users/doctorboyz/EA/venv/lib/python3.14/site-packages/sqlalchemy/orm/session.py", line 2351, in execute
    return self._execute_internal(
           ~~~~~~~~~~~~~~~~~~~~~~^
        statement,
        ^^^^^^^^^^
    ...<4 lines>...
        _add_event=_add_event,
        ^^^^^^^^^^^^^^^^^^^^^^
    )
    ^
  File "/Users/doctorboyz/EA/venv/lib/python3.14/site-packages/sqlalchemy/orm/session.py", line 2249, in _execute_internal
    result: Result[Any] = compile_state_cls.orm_execute_statement(
                          ~~~~~~~~~~~~~~~~~~~~~~~~~~~~~~~~~~~~~~~^
        self,
        ^^^^^
    ...<4 lines>...
        conn,
        ^^^^^
    )
    ^
  File "/Users/doctorboyz/EA/venv/lib/python3.14/site-packages/sqlalchemy/orm/context.py", line 306, in orm_execute_statement
    result = conn.execute(
        statement, params or {}, execution_options=execution_options
    )
  File "/Users/doctorboyz/EA/venv/lib/python3.14/site-packages/sqlalchemy/engine/base.py", line 1419, in execute
    return meth(
        self,
        distilled_parameters,
        execution_options or NO_OPTIONS,
    )
  File "/Users/doctorboyz/EA/venv/lib/python3.14/site-packages/sqlalchemy/sql/elements.py", line 527, in _execute_on_connection
    return connection._execute_clauseelement(
           ~~~~~~~~~~~~~~~~~~~~~~~~~~~~~~~~~^
        self, distilled_params, execution_options
        ^^^^^^^^^^^^^^^^^^^^^^^^^^^^^^^^^^^^^^^^^
    )
    ^
  File "/Users/doctorboyz/EA/venv/lib/python3.14/site-packages/sqlalchemy/engine/base.py", line 1641, in _execute_clauseelement
    ret = self._execute_context(
        dialect,
    ...<8 lines>...
        cache_hit=cache_hit,
    )
  File "/Users/doctorboyz/EA/venv/lib/python3.14/site-packages/sqlalchemy/engine/base.py", line 1846, in _execute_context
    return self._exec_single_context(
           ~~~~~~~~~~~~~~~~~~~~~~~~~^
        dialect, context, statement, parameters
        ^^^^^^^^^^^^^^^^^^^^^^^^^^^^^^^^^^^^^^^
    )
    ^
  File "/Users/doctorboyz/EA/venv/lib/python3.14/site-packages/sqlalchemy/engine/base.py", line 1986, in _exec_single_context
    self._handle_dbapi_exception(
    ~~~~~~~~~~~~~~~~~~~~~~~~~~~~^
        e, str_statement, effective_parameters, cursor, context
        ^^^^^^^^^^^^^^^^^^^^^^^^^^^^^^^^^^^^^^^^^^^^^^^^^^^^^^^
    )
    ^
  File "/Users/doctorboyz/EA/venv/lib/python3.14/site-packages/sqlalchemy/engine/base.py", line 2363, in _handle_dbapi_exception
    raise sqlalchemy_exception.with_traceback(exc_info[2]) from e
  File "/Users/doctorboyz/EA/venv/lib/python3.14/site-packages/sqlalchemy/engine/base.py", line 1967, in _exec_single_context
    self.dialect.do_execute(
    ~~~~~~~~~~~~~~~~~~~~~~~^
        cursor, str_statement, effective_parameters, context
        ^^^^^^^^^^^^^^^^^^^^^^^^^^^^^^^^^^^^^^^^^^^^^^^^^^^^
    )
    ^
  File "/Users/doctorboyz/EA/venv/lib/python3.14/site-packages/sqlalchemy/engine/default.py", line 952, in do_execute
    cursor.execute(statement, parameters)
    ~~~~~~~~~~~~~~^^^^^^^^^^^^^^^^^^^^^^^
  File "/Users/doctorboyz/EA/venv/lib/python3.14/site-packages/sqlalchemy/dialects/postgresql/asyncpg.py", line 585, in execute
    self._adapt_connection.await_(
    ~~~~~~~~~~~~~~~~~~~~~~~~~~~~~^
        self._prepare_and_execute(operation, parameters)
        ^^^^^^^^^^^^^^^^^^^^^^^^^^^^^^^^^^^^^^^^^^^^^^^^
    )
    ^
  File "/Users/doctorboyz/EA/venv/lib/python3.14/site-packages/sqlalchemy/util/_concurrency_py3k.py", line 132, in await_only
    return current.parent.switch(awaitable)  # type: ignore[no-any-return,attr-defined] # noqa: E501
           ~~~~~~~~~~~~~~~~~~~~~^^^^^^^^^^^
  File "/Users/doctorboyz/EA/venv/lib/python3.14/site-packages/sqlalchemy/util/_concurrency_py3k.py", line 196, in greenlet_spawn
    value = await result
            ^^^^^^^^^^^^
  File "/Users/doctorboyz/EA/venv/lib/python3.14/site-packages/sqlalchemy/dialects/postgresql/asyncpg.py", line 563, in _prepare_and_execute
    self._handle_exception(error)
    ~~~~~~~~~~~~~~~~~~~~~~^^^^^^^
  File "/Users/doctorboyz/EA/venv/lib/python3.14/site-packages/sqlalchemy/dialects/postgresql/asyncpg.py", line 513, in _handle_exception
    self._adapt_connection._handle_exception(error)
    ~~~~~~~~~~~~~~~~~~~~~~~~~~~~~~~~~~~~~~~~^^^^^^^
  File "/Users/doctorboyz/EA/venv/lib/python3.14/site-packages/sqlalchemy/dialects/postgresql/asyncpg.py", line 797, in _handle_exception
    raise translated_error from error
sqlalchemy.exc.ProgrammingError: (sqlalchemy.dialects.postgresql.asyncpg.ProgrammingError) <class 'asyncpg.exceptions.UndefinedColumnError'>: column strategies.framework_type does not exist
[SQL: SELECT strategies.id, strategies.version_str, strategies.config, strategies.code_hash, strategies.code_path, strategies.framework_type, strategies.parent_id, strategies.change_rationale, strategies.created_at 
FROM strategies 
WHERE strategies.version_str = $1::VARCHAR]
[parameters: ('0.3.0',)]
(Background on this error at: https://sqlalche.me/e/20/f405)
